\BOOKMARK [0][-]{section*.1}{摘 要}{}% 1
\BOOKMARK [0][-]{section*.2}{Abstract}{}% 2
\BOOKMARK [0][-]{chapter.1}{第1章 引言}{}% 3
\BOOKMARK [1][-]{section.1.1}{研究背景}{chapter.1}% 4
\BOOKMARK [1][-]{section.1.2}{研究现状}{chapter.1}% 5
\BOOKMARK [1][-]{section.1.3}{本文的工作}{chapter.1}% 6
\BOOKMARK [1][-]{section.1.4}{本文的安排}{chapter.1}% 7
\BOOKMARK [0][-]{chapter.2}{第2章 预备知识}{}% 8
\BOOKMARK [1][-]{section.2.1}{命题逻辑}{chapter.2}% 9
\BOOKMARK [1][-]{section.2.2}{回答集逻辑程序}{chapter.2}% 10
\BOOKMARK [1][-]{section.2.3}{环与环公式}{chapter.2}% 11
\BOOKMARK [1][-]{section.2.4}{传统的基本环}{chapter.2}% 12
\BOOKMARK [0][-]{chapter.3}{第3章 改进的基本环}{}% 13
\BOOKMARK [1][-]{section.3.1}{正规逻辑程序的基本环}{chapter.3}% 14
\BOOKMARK [1][-]{section.3.2}{析取逻辑程序的基本环}{chapter.3}% 15
\BOOKMARK [1][-]{section.3.3}{本章小结}{chapter.3}% 16
\BOOKMARK [0][-]{chapter.4}{第4章 正规逻辑程序的特征环}{}% 17
\BOOKMARK [1][-]{section.4.1}{特征环的定义}{chapter.4}% 18
\BOOKMARK [1][-]{section.4.2}{特征环的识别}{chapter.4}% 19
\BOOKMARK [1][-]{section.4.3}{本章小结}{chapter.4}% 20
\BOOKMARK [0][-]{chapter.5}{第5章 析取逻辑程序的特征环}{}% 21
\BOOKMARK [1][-]{section.5.1}{特征环}{chapter.5}% 22
\BOOKMARK [1][-]{section.5.2}{弱基本环和弱特征环}{chapter.5}% 23
\BOOKMARK [1][-]{section.5.3}{HPF程序、HWEF程序和HWPF程序}{chapter.5}% 24
\BOOKMARK [1][-]{section.5.4}{本章小结}{chapter.5}% 25
\BOOKMARK [0][-]{section*.5}{参考文献}{}% 26
\BOOKMARK [0][-]{chapter*.7}{在学期间论文发表情况}{}% 27
\BOOKMARK [0][-]{chapter*.8}{致 谢}{}% 28
